<?xml version="1.0" encoding="UTF-8"?>
<testng-results skipped="0" failed="0" total="1" passed="1">
  <reporter-output>
  </reporter-output>
  <suite name="Suite" duration-ms="19" started-at="2015-03-16T02:13:15Z" finished-at="2015-03-16T02:13:15Z">
    <groups>
    </groups>
    <test name="Test" duration-ms="19" started-at="2015-03-16T02:13:15Z" finished-at="2015-03-16T02:13:15Z">
      <class name="myPackage.Basics">
        <test-method status="PASS" signature="s1()[pri:0, instance:myPackage.Basics@57a7ddcf]" name="s1" is-config="true" duration-ms="7" started-at="2015-03-16T07:43:15Z" finished-at="2015-03-16T07:43:15Z">
          <reporter-output>
          </reporter-output>
        </test-method> <!-- s1 -->
        <test-method status="PASS" signature="s2()[pri:0, instance:myPackage.Basics@57a7ddcf]" name="s2" is-config="true" duration-ms="1" started-at="2015-03-16T07:43:15Z" finished-at="2015-03-16T07:43:15Z">
          <reporter-output>
          </reporter-output>
        </test-method> <!-- s2 -->
        <test-method status="PASS" signature="s4()[pri:0, instance:myPackage.Basics@57a7ddcf]" name="s4" is-config="true" duration-ms="0" started-at="2015-03-16T07:43:15Z" finished-at="2015-03-16T07:43:15Z">
          <reporter-output>
          </reporter-output>
        </test-method> <!-- s4 -->
        <test-method status="PASS" signature="s5()[pri:0, instance:myPackage.Basics@57a7ddcf]" name="s5" is-config="true" duration-ms="0" started-at="2015-03-16T07:43:15Z" finished-at="2015-03-16T07:43:15Z">
          <reporter-output>
          </reporter-output>
        </test-method> <!-- s5 -->
        <test-method status="PASS" signature="s6()[pri:0, instance:myPackage.Basics@57a7ddcf]" name="s6" duration-ms="6" started-at="2015-03-16T07:43:15Z" finished-at="2015-03-16T07:43:15Z">
          <reporter-output>
          </reporter-output>
        </test-method> <!-- s6 -->
        <test-method status="PASS" signature="s7()[pri:0, instance:myPackage.Basics@57a7ddcf]" name="s7" is-config="true" duration-ms="0" started-at="2015-03-16T07:43:15Z" finished-at="2015-03-16T07:43:15Z">
          <reporter-output>
          </reporter-output>
        </test-method> <!-- s7 -->
        <test-method status="PASS" signature="s8()[pri:0, instance:myPackage.Basics@57a7ddcf]" name="s8" is-config="true" duration-ms="0" started-at="2015-03-16T07:43:15Z" finished-at="2015-03-16T07:43:15Z">
          <reporter-output>
          </reporter-output>
        </test-method> <!-- s8 -->
        <test-method status="PASS" signature="s10()[pri:0, instance:myPackage.Basics@57a7ddcf]" name="s10" is-config="true" duration-ms="1" started-at="2015-03-16T07:43:15Z" finished-at="2015-03-16T07:43:15Z">
          <reporter-output>
          </reporter-output>
        </test-method> <!-- s10 -->
        <test-method status="PASS" signature="s11()[pri:0, instance:myPackage.Basics@57a7ddcf]" name="s11" is-config="true" duration-ms="0" started-at="2015-03-16T07:43:15Z" finished-at="2015-03-16T07:43:15Z">
          <reporter-output>
          </reporter-output>
        </test-method> <!-- s11 -->
      </class> <!-- myPackage.Basics -->
    </test> <!-- Test -->
  </suite> <!-- Suite -->
</testng-results>
